{"/home/can/Documents/framework_projects/reactnative/GalleryView/App.tsx": {"path":"/home/can/Documents/framework_projects/reactnative/GalleryView/App.tsx","statementMap":{"0":{"start":{"line":7,"column":12},"end":{"line":27,"column":1}},"1":{"start":{"line":8,"column":32},"end":{"line":8,"column":47}},"2":{"start":{"line":9,"column":2},"end":{"line":18,"column":7}},"3":{"start":{"line":10,"column":6},"end":{"line":17,"column":10}},"4":{"start":{"line":11,"column":8},"end":{"line":15,"column":10}},"5":{"start":{"line":16,"column":6},"end":{"line":16,"column":22}},"6":{"start":{"line":20,"column":2},"end":{"line":22,"column":3}},"7":{"start":{"line":21,"column":4},"end":{"line":21,"column":26}},"8":{"start":{"line":24,"column":2},"end":{"line":26,"column":3}}},"fnMap":{"0":{"name":"(anonymous_0)","decl":{"start":{"line":7,"column":12},"end":{"line":7,"column":13}},"loc":{"start":{"line":7,"column":17},"end":{"line":27,"column":1}},"line":7},"1":{"name":"(anonymous_1)","decl":{"start":{"line":9,"column":13},"end":{"line":9,"column":14}},"loc":{"start":{"line":9,"column":19},"end":{"line":18,"column":3}},"line":9},"2":{"name":"(anonymous_2)","decl":{"start":{"line":10,"column":7},"end":{"line":10,"column":8}},"loc":{"start":{"line":10,"column":19},"end":{"line":17,"column":7}},"line":10}},"branchMap":{"0":{"loc":{"start":{"line":20,"column":2},"end":{"line":22,"column":3}},"type":"if","locations":[{"start":{"line":20,"column":2},"end":{"line":22,"column":3}},{"start":{"line":20,"column":2},"end":{"line":22,"column":3}}],"line":20}},"s":{"0":0,"1":0,"2":0,"3":0,"4":0,"5":0,"6":0,"7":0,"8":0},"f":{"0":0,"1":0,"2":0},"b":{"0":[0,0]}}
,"/home/can/Documents/framework_projects/reactnative/GalleryView/src/lib/albumData.ts": {"path":"/home/can/Documents/framework_projects/reactnative/GalleryView/src/lib/albumData.ts","statementMap":{"0":{"start":{"line":3,"column":29},"end":{"line":29,"column":1}}},"fnMap":{},"branchMap":{},"s":{"0":0},"f":{},"b":{}}
,"/home/can/Documents/framework_projects/reactnative/GalleryView/src/routers/Router.tsx": {"path":"/home/can/Documents/framework_projects/reactnative/GalleryView/src/routers/Router.tsx","statementMap":{"0":{"start":{"line":8,"column":22},"end":{"line":19,"column":1}},"1":{"start":{"line":10,"column":4},"end":{"line":18,"column":9}}},"fnMap":{"0":{"name":"(anonymous_0)","decl":{"start":{"line":8,"column":22},"end":{"line":8,"column":23}},"loc":{"start":{"line":8,"column":28},"end":{"line":19,"column":1}},"line":8}},"branchMap":{},"s":{"0":0,"1":0},"f":{"0":0},"b":{}}
,"/home/can/Documents/framework_projects/reactnative/GalleryView/src/screens/album/Album.tsx": {"path":"/home/can/Documents/framework_projects/reactnative/GalleryView/src/screens/album/Album.tsx","statementMap":{"0":{"start":{"line":9,"column":21},"end":{"line":21,"column":1}},"1":{"start":{"line":10,"column":4},"end":{"line":20,"column":5}},"2":{"start":{"line":16,"column":47},"end":{"line":16,"column":65}},"3":{"start":{"line":17,"column":42},"end":{"line":17,"column":68}},"4":{"start":{"line":23,"column":15},"end":{"line":29,"column":2}}},"fnMap":{"0":{"name":"(anonymous_0)","decl":{"start":{"line":9,"column":21},"end":{"line":9,"column":22}},"loc":{"start":{"line":9,"column":27},"end":{"line":21,"column":1}},"line":9},"1":{"name":"(anonymous_1)","decl":{"start":{"line":16,"column":30},"end":{"line":16,"column":31}},"loc":{"start":{"line":16,"column":47},"end":{"line":16,"column":65}},"line":16},"2":{"name":"(anonymous_2)","decl":{"start":{"line":17,"column":28},"end":{"line":17,"column":29}},"loc":{"start":{"line":17,"column":42},"end":{"line":17,"column":68}},"line":17}},"branchMap":{},"s":{"0":0,"1":0,"2":0,"3":0,"4":0},"f":{"0":0,"1":0,"2":0},"b":{}}
,"/home/can/Documents/framework_projects/reactnative/GalleryView/src/screens/album/atoms/AlbumTitle.tsx": {"path":"/home/can/Documents/framework_projects/reactnative/GalleryView/src/screens/album/atoms/AlbumTitle.tsx","statementMap":{"0":{"start":{"line":8,"column":43},"end":{"line":12,"column":1}},"1":{"start":{"line":9,"column":4},"end":{"line":11,"column":11}},"2":{"start":{"line":14,"column":15},"end":{"line":19,"column":2}}},"fnMap":{"0":{"name":"(anonymous_0)","decl":{"start":{"line":8,"column":43},"end":{"line":8,"column":44}},"loc":{"start":{"line":9,"column":4},"end":{"line":11,"column":11}},"line":9}},"branchMap":{},"s":{"0":1,"1":1,"2":1},"f":{"0":1},"b":{},"_coverageSchema":"1a1c01bbd47fc00a2c39e90264f33305004495a9","hash":"c43effa38dd124b860fe31cdf1572ddc5e6ca086"}
,"/home/can/Documents/framework_projects/reactnative/GalleryView/src/screens/album/atoms/CameraButton.tsx": {"path":"/home/can/Documents/framework_projects/reactnative/GalleryView/src/screens/album/atoms/CameraButton.tsx","statementMap":{"0":{"start":{"line":7,"column":38},"end":{"line":19,"column":1}},"1":{"start":{"line":8,"column":20},"end":{"line":8,"column":32}},"2":{"start":{"line":10,"column":21},"end":{"line":12,"column":5}},"3":{"start":{"line":11,"column":8},"end":{"line":11,"column":31}},"4":{"start":{"line":14,"column":4},"end":{"line":18,"column":5}},"5":{"start":{"line":21,"column":15},"end":{"line":43,"column":2}}},"fnMap":{"0":{"name":"(anonymous_0)","decl":{"start":{"line":7,"column":38},"end":{"line":7,"column":39}},"loc":{"start":{"line":7,"column":44},"end":{"line":19,"column":1}},"line":7},"1":{"name":"(anonymous_1)","decl":{"start":{"line":10,"column":21},"end":{"line":10,"column":22}},"loc":{"start":{"line":10,"column":27},"end":{"line":12,"column":5}},"line":10}},"branchMap":{},"s":{"0":0,"1":0,"2":0,"3":0,"4":0,"5":0},"f":{"0":0,"1":0},"b":{}}
,"/home/can/Documents/framework_projects/reactnative/GalleryView/src/screens/album/atoms/PageHeader.tsx": {"path":"/home/can/Documents/framework_projects/reactnative/GalleryView/src/screens/album/atoms/PageHeader.tsx","statementMap":{"0":{"start":{"line":5,"column":36},"end":{"line":16,"column":1}},"1":{"start":{"line":6,"column":4},"end":{"line":15,"column":9}},"2":{"start":{"line":19,"column":15},"end":{"line":30,"column":2}}},"fnMap":{"0":{"name":"(anonymous_0)","decl":{"start":{"line":5,"column":36},"end":{"line":5,"column":37}},"loc":{"start":{"line":5,"column":42},"end":{"line":16,"column":1}},"line":5}},"branchMap":{},"s":{"0":0,"1":0,"2":0},"f":{"0":0},"b":{}}
,"/home/can/Documents/framework_projects/reactnative/GalleryView/src/screens/album/atoms/Photo.tsx": {"path":"/home/can/Documents/framework_projects/reactnative/GalleryView/src/screens/album/atoms/Photo.tsx","statementMap":{"0":{"start":{"line":7,"column":38},"end":{"line":13,"column":1}},"1":{"start":{"line":8,"column":4},"end":{"line":12,"column":5}},"2":{"start":{"line":15,"column":15},"end":{"line":22,"column":2}}},"fnMap":{"0":{"name":"(anonymous_0)","decl":{"start":{"line":7,"column":38},"end":{"line":7,"column":39}},"loc":{"start":{"line":7,"column":50},"end":{"line":13,"column":1}},"line":7}},"branchMap":{},"s":{"0":0,"1":0,"2":0},"f":{"0":0},"b":{}}
,"/home/can/Documents/framework_projects/reactnative/GalleryView/src/screens/album/molecules/AlbumLink.tsx": {"path":"/home/can/Documents/framework_projects/reactnative/GalleryView/src/screens/album/molecules/AlbumLink.tsx","statementMap":{"0":{"start":{"line":11,"column":42},"end":{"line":16,"column":1}},"1":{"start":{"line":12,"column":4},"end":{"line":15,"column":11}},"2":{"start":{"line":18,"column":15},"end":{"line":29,"column":2}}},"fnMap":{"0":{"name":"(anonymous_0)","decl":{"start":{"line":11,"column":42},"end":{"line":11,"column":43}},"loc":{"start":{"line":12,"column":4},"end":{"line":15,"column":11}},"line":12}},"branchMap":{},"s":{"0":0,"1":0,"2":0},"f":{"0":0},"b":{}}
,"/home/can/Documents/framework_projects/reactnative/GalleryView/src/screens/album/molecules/PhotoWithSelect.tsx": {"path":"/home/can/Documents/framework_projects/reactnative/GalleryView/src/screens/album/molecules/PhotoWithSelect.tsx","statementMap":{"0":{"start":{"line":9,"column":48},"end":{"line":16,"column":1}},"1":{"start":{"line":10,"column":4},"end":{"line":15,"column":1}},"2":{"start":{"line":17,"column":15},"end":{"line":36,"column":2}}},"fnMap":{"0":{"name":"(anonymous_0)","decl":{"start":{"line":9,"column":48},"end":{"line":9,"column":49}},"loc":{"start":{"line":9,"column":62},"end":{"line":16,"column":1}},"line":9}},"branchMap":{},"s":{"0":0,"1":0,"2":0},"f":{"0":0},"b":{}}
,"/home/can/Documents/framework_projects/reactnative/GalleryView/src/screens/album/organisms/PhotoAlbum.tsx": {"path":"/home/can/Documents/framework_projects/reactnative/GalleryView/src/screens/album/organisms/PhotoAlbum.tsx","statementMap":{"0":{"start":{"line":13,"column":43},"end":{"line":26,"column":1}},"1":{"start":{"line":15,"column":4},"end":{"line":25,"column":5}},"2":{"start":{"line":21,"column":47},"end":{"line":21,"column":62}},"3":{"start":{"line":22,"column":42},"end":{"line":22,"column":73}},"4":{"start":{"line":28,"column":15},"end":{"line":35,"column":2}}},"fnMap":{"0":{"name":"(anonymous_0)","decl":{"start":{"line":13,"column":43},"end":{"line":13,"column":44}},"loc":{"start":{"line":13,"column":55},"end":{"line":26,"column":1}},"line":13},"1":{"name":"(anonymous_1)","decl":{"start":{"line":21,"column":30},"end":{"line":21,"column":31}},"loc":{"start":{"line":21,"column":47},"end":{"line":21,"column":62}},"line":21},"2":{"name":"(anonymous_2)","decl":{"start":{"line":22,"column":28},"end":{"line":22,"column":29}},"loc":{"start":{"line":22,"column":42},"end":{"line":22,"column":73}},"line":22}},"branchMap":{},"s":{"0":0,"1":0,"2":0,"3":0,"4":0},"f":{"0":0,"1":0,"2":0},"b":{}}
,"/home/can/Documents/framework_projects/reactnative/GalleryView/src/screens/camera/Camera.tsx": {"path":"/home/can/Documents/framework_projects/reactnative/GalleryView/src/screens/camera/Camera.tsx","statementMap":{"0":{"start":{"line":10,"column":36},"end":{"line":72,"column":1}},"1":{"start":{"line":11,"column":46},"end":{"line":11,"column":70}},"2":{"start":{"line":12,"column":28},"end":{"line":12,"column":64}},"3":{"start":{"line":13,"column":48},"end":{"line":13,"column":72}},"4":{"start":{"line":14,"column":46},"end":{"line":14,"column":90}},"5":{"start":{"line":18,"column":4},"end":{"line":23,"column":10}},"6":{"start":{"line":19,"column":8},"end":{"line":22,"column":12}},"7":{"start":{"line":20,"column":31},"end":{"line":20,"column":69}},"8":{"start":{"line":21,"column":12},"end":{"line":21,"column":51}},"9":{"start":{"line":27,"column":24},"end":{"line":32,"column":5}},"10":{"start":{"line":28,"column":8},"end":{"line":28,"column":26}},"11":{"start":{"line":28,"column":20},"end":{"line":28,"column":26}},"12":{"start":{"line":29,"column":22},"end":{"line":29,"column":53}},"13":{"start":{"line":30,"column":8},"end":{"line":30,"column":31}},"14":{"start":{"line":31,"column":8},"end":{"line":31,"column":31}},"15":{"start":{"line":34,"column":4},"end":{"line":36,"column":5}},"16":{"start":{"line":35,"column":8},"end":{"line":35,"column":24}},"17":{"start":{"line":37,"column":4},"end":{"line":39,"column":5}},"18":{"start":{"line":38,"column":8},"end":{"line":38,"column":48}},"19":{"start":{"line":41,"column":4},"end":{"line":71,"column":5}},"20":{"start":{"line":46,"column":67},"end":{"line":46,"column":77}},"21":{"start":{"line":51,"column":28},"end":{"line":55,"column":30}},"22":{"start":{"line":75,"column":15},"end":{"line":130,"column":2}}},"fnMap":{"0":{"name":"(anonymous_0)","decl":{"start":{"line":10,"column":36},"end":{"line":10,"column":37}},"loc":{"start":{"line":10,"column":42},"end":{"line":72,"column":1}},"line":10},"1":{"name":"(anonymous_1)","decl":{"start":{"line":18,"column":14},"end":{"line":18,"column":15}},"loc":{"start":{"line":18,"column":20},"end":{"line":23,"column":5}},"line":18},"2":{"name":"(anonymous_2)","decl":{"start":{"line":19,"column":9},"end":{"line":19,"column":10}},"loc":{"start":{"line":19,"column":21},"end":{"line":22,"column":9}},"line":19},"3":{"name":"(anonymous_3)","decl":{"start":{"line":27,"column":24},"end":{"line":27,"column":25}},"loc":{"start":{"line":27,"column":34},"end":{"line":32,"column":5}},"line":27},"4":{"name":"(anonymous_4)","decl":{"start":{"line":46,"column":59},"end":{"line":46,"column":60}},"loc":{"start":{"line":46,"column":66},"end":{"line":46,"column":78}},"line":46},"5":{"name":"(anonymous_5)","decl":{"start":{"line":50,"column":33},"end":{"line":50,"column":34}},"loc":{"start":{"line":50,"column":39},"end":{"line":56,"column":25}},"line":50}},"branchMap":{"0":{"loc":{"start":{"line":28,"column":8},"end":{"line":28,"column":26}},"type":"if","locations":[{"start":{"line":28,"column":8},"end":{"line":28,"column":26}},{"start":{"line":28,"column":8},"end":{"line":28,"column":26}}],"line":28},"1":{"loc":{"start":{"line":34,"column":4},"end":{"line":36,"column":5}},"type":"if","locations":[{"start":{"line":34,"column":4},"end":{"line":36,"column":5}},{"start":{"line":34,"column":4},"end":{"line":36,"column":5}}],"line":34},"2":{"loc":{"start":{"line":37,"column":4},"end":{"line":39,"column":5}},"type":"if","locations":[{"start":{"line":37,"column":4},"end":{"line":39,"column":5}},{"start":{"line":37,"column":4},"end":{"line":39,"column":5}}],"line":37},"3":{"loc":{"start":{"line":43,"column":13},"end":{"line":69,"column":22}},"type":"cond-expr","locations":[{"start":{"line":44,"column":16},"end":{"line":44,"column":55}},{"start":{"line":46,"column":12},"end":{"line":69,"column":21}}],"line":43},"4":{"loc":{"start":{"line":43,"column":13},"end":{"line":43,"column":44}},"type":"binary-expr","locations":[{"start":{"line":43,"column":13},"end":{"line":43,"column":27}},{"start":{"line":43,"column":31},"end":{"line":43,"column":44}}],"line":43},"5":{"loc":{"start":{"line":52,"column":32},"end":{"line":54,"column":64}},"type":"cond-expr","locations":[{"start":{"line":53,"column":38},"end":{"line":53,"column":65}},{"start":{"line":54,"column":38},"end":{"line":54,"column":64}}],"line":52}},"s":{"0":0,"1":0,"2":0,"3":0,"4":0,"5":0,"6":0,"7":0,"8":0,"9":0,"10":0,"11":0,"12":0,"13":0,"14":0,"15":0,"16":0,"17":0,"18":0,"19":0,"20":0,"21":0,"22":0},"f":{"0":0,"1":0,"2":0,"3":0,"4":0,"5":0},"b":{"0":[0,0],"1":[0,0],"2":[0,0],"3":[0,0],"4":[0,0],"5":[0,0]}}
,"/home/can/Documents/framework_projects/reactnative/GalleryView/src/screens/camera/CameraPreview.tsx": {"path":"/home/can/Documents/framework_projects/reactnative/GalleryView/src/screens/camera/CameraPreview.tsx","statementMap":{"0":{"start":{"line":5,"column":29},"end":{"line":23,"column":1}},"1":{"start":{"line":6,"column":4},"end":{"line":22,"column":5}}},"fnMap":{"0":{"name":"(anonymous_0)","decl":{"start":{"line":5,"column":29},"end":{"line":5,"column":30}},"loc":{"start":{"line":5,"column":49},"end":{"line":23,"column":1}},"line":5}},"branchMap":{"0":{"loc":{"start":{"line":16,"column":31},"end":{"line":16,"column":49}},"type":"binary-expr","locations":[{"start":{"line":16,"column":31},"end":{"line":16,"column":36}},{"start":{"line":16,"column":40},"end":{"line":16,"column":49}}],"line":16}},"s":{"0":0,"1":0},"f":{"0":0},"b":{"0":[0,0]}}
,"/home/can/Documents/framework_projects/reactnative/GalleryView/src/screens/demo/Demo.tsx": {"path":"/home/can/Documents/framework_projects/reactnative/GalleryView/src/screens/demo/Demo.tsx","statementMap":{"0":{"start":{"line":6,"column":20},"end":{"line":13,"column":1}},"1":{"start":{"line":8,"column":4},"end":{"line":12,"column":5}},"2":{"start":{"line":15,"column":15},"end":{"line":21,"column":2}}},"fnMap":{"0":{"name":"(anonymous_0)","decl":{"start":{"line":6,"column":20},"end":{"line":6,"column":21}},"loc":{"start":{"line":6,"column":26},"end":{"line":13,"column":1}},"line":6}},"branchMap":{},"s":{"0":0,"1":0,"2":0},"f":{"0":0},"b":{}}
,"/home/can/Documents/framework_projects/reactnative/GalleryView/src/screens/demo/atoms/DemoImage.tsx": {"path":"/home/can/Documents/framework_projects/reactnative/GalleryView/src/screens/demo/atoms/DemoImage.tsx","statementMap":{"0":{"start":{"line":4,"column":35},"end":{"line":8,"column":1}},"1":{"start":{"line":5,"column":5},"end":{"line":7,"column":74}},"2":{"start":{"line":10,"column":15},"end":{"line":19,"column":2}}},"fnMap":{"0":{"name":"(anonymous_0)","decl":{"start":{"line":4,"column":35},"end":{"line":4,"column":36}},"loc":{"start":{"line":5,"column":5},"end":{"line":7,"column":74}},"line":5}},"branchMap":{},"s":{"0":0,"1":0,"2":0},"f":{"0":0},"b":{}}
,"/home/can/Documents/framework_projects/reactnative/GalleryView/src/screens/demo/atoms/FooterText.tsx": {"path":"/home/can/Documents/framework_projects/reactnative/GalleryView/src/screens/demo/atoms/FooterText.tsx","statementMap":{"0":{"start":{"line":5,"column":36},"end":{"line":13,"column":1}},"1":{"start":{"line":6,"column":4},"end":{"line":12,"column":11}},"2":{"start":{"line":15,"column":15},"end":{"line":31,"column":2}}},"fnMap":{"0":{"name":"(anonymous_0)","decl":{"start":{"line":5,"column":36},"end":{"line":5,"column":37}},"loc":{"start":{"line":6,"column":4},"end":{"line":12,"column":11}},"line":6}},"branchMap":{},"s":{"0":0,"1":0,"2":0},"f":{"0":0},"b":{}}
,"/home/can/Documents/framework_projects/reactnative/GalleryView/src/screens/demo/atoms/ImageText.tsx": {"path":"/home/can/Documents/framework_projects/reactnative/GalleryView/src/screens/demo/atoms/ImageText.tsx","statementMap":{"0":{"start":{"line":6,"column":35},"end":{"line":12,"column":1}},"1":{"start":{"line":7,"column":4},"end":{"line":11,"column":11}},"2":{"start":{"line":14,"column":15},"end":{"line":25,"column":2}}},"fnMap":{"0":{"name":"(anonymous_0)","decl":{"start":{"line":6,"column":35},"end":{"line":6,"column":36}},"loc":{"start":{"line":7,"column":4},"end":{"line":11,"column":11}},"line":7}},"branchMap":{},"s":{"0":0,"1":0,"2":0},"f":{"0":0},"b":{}}
,"/home/can/Documents/framework_projects/reactnative/GalleryView/src/screens/demo/atoms/LinkButton.tsx": {"path":"/home/can/Documents/framework_projects/reactnative/GalleryView/src/screens/demo/atoms/LinkButton.tsx","statementMap":{"0":{"start":{"line":11,"column":43},"end":{"line":32,"column":1}},"1":{"start":{"line":12,"column":20},"end":{"line":12,"column":32}},"2":{"start":{"line":14,"column":24},"end":{"line":25,"column":5}},"3":{"start":{"line":15,"column":31},"end":{"line":15,"column":80}},"4":{"start":{"line":17,"column":8},"end":{"line":19,"column":9}},"5":{"start":{"line":18,"column":12},"end":{"line":18,"column":66}},"6":{"start":{"line":21,"column":27},"end":{"line":21,"column":70}},"7":{"start":{"line":22,"column":8},"end":{"line":23,"column":34}},"8":{"start":{"line":23,"column":12},"end":{"line":23,"column":34}},"9":{"start":{"line":27,"column":4},"end":{"line":31,"column":5}},"10":{"start":{"line":35,"column":15},"end":{"line":54,"column":2}}},"fnMap":{"0":{"name":"(anonymous_0)","decl":{"start":{"line":11,"column":43},"end":{"line":11,"column":44}},"loc":{"start":{"line":11,"column":59},"end":{"line":32,"column":1}},"line":11},"1":{"name":"(anonymous_1)","decl":{"start":{"line":14,"column":24},"end":{"line":14,"column":25}},"loc":{"start":{"line":14,"column":35},"end":{"line":25,"column":5}},"line":14}},"branchMap":{"0":{"loc":{"start":{"line":17,"column":8},"end":{"line":19,"column":9}},"type":"if","locations":[{"start":{"line":17,"column":8},"end":{"line":19,"column":9}},{"start":{"line":17,"column":8},"end":{"line":19,"column":9}}],"line":17},"1":{"loc":{"start":{"line":22,"column":8},"end":{"line":23,"column":34}},"type":"if","locations":[{"start":{"line":22,"column":8},"end":{"line":23,"column":34}},{"start":{"line":22,"column":8},"end":{"line":23,"column":34}}],"line":22}},"s":{"0":0,"1":0,"2":0,"3":0,"4":0,"5":0,"6":0,"7":0,"8":0,"9":0,"10":0},"f":{"0":0,"1":0},"b":{"0":[0,0],"1":[0,0]}}
,"/home/can/Documents/framework_projects/reactnative/GalleryView/src/screens/demo/atoms/LinkText.tsx": {"path":"/home/can/Documents/framework_projects/reactnative/GalleryView/src/screens/demo/atoms/LinkText.tsx","statementMap":{"0":{"start":{"line":5,"column":34},"end":{"line":7,"column":1}},"1":{"start":{"line":6,"column":4},"end":{"line":6,"column":49}},"2":{"start":{"line":9,"column":15},"end":{"line":19,"column":2}}},"fnMap":{"0":{"name":"(anonymous_0)","decl":{"start":{"line":5,"column":34},"end":{"line":5,"column":35}},"loc":{"start":{"line":6,"column":4},"end":{"line":6,"column":49}},"line":6}},"branchMap":{},"s":{"0":0,"1":0,"2":0},"f":{"0":0},"b":{}}
,"/home/can/Documents/framework_projects/reactnative/GalleryView/src/screens/demo/atoms/TitleText.tsx": {"path":"/home/can/Documents/framework_projects/reactnative/GalleryView/src/screens/demo/atoms/TitleText.tsx","statementMap":{"0":{"start":{"line":6,"column":35},"end":{"line":11,"column":1}},"1":{"start":{"line":7,"column":4},"end":{"line":10,"column":11}},"2":{"start":{"line":13,"column":15},"end":{"line":21,"column":2}}},"fnMap":{"0":{"name":"(anonymous_0)","decl":{"start":{"line":6,"column":35},"end":{"line":6,"column":36}},"loc":{"start":{"line":7,"column":4},"end":{"line":10,"column":11}},"line":7}},"branchMap":{},"s":{"0":0,"1":0,"2":0},"f":{"0":0},"b":{}}
,"/home/can/Documents/framework_projects/reactnative/GalleryView/src/screens/demo/molecules/OpenAlbum.tsx": {"path":"/home/can/Documents/framework_projects/reactnative/GalleryView/src/screens/demo/molecules/OpenAlbum.tsx","statementMap":{"0":{"start":{"line":6,"column":25},"end":{"line":10,"column":1}},"1":{"start":{"line":7,"column":8},"end":{"line":9,"column":21}}},"fnMap":{"0":{"name":"(anonymous_0)","decl":{"start":{"line":6,"column":25},"end":{"line":6,"column":26}},"loc":{"start":{"line":7,"column":8},"end":{"line":9,"column":21}},"line":7}},"branchMap":{},"s":{"0":0,"1":0},"f":{"0":0},"b":{}}
,"/home/can/Documents/framework_projects/reactnative/GalleryView/src/screens/demo/organisms/DemoContent.tsx": {"path":"/home/can/Documents/framework_projects/reactnative/GalleryView/src/screens/demo/organisms/DemoContent.tsx","statementMap":{"0":{"start":{"line":10,"column":27},"end":{"line":20,"column":1}},"1":{"start":{"line":11,"column":4},"end":{"line":19,"column":5}},"2":{"start":{"line":22,"column":15},"end":{"line":28,"column":2}}},"fnMap":{"0":{"name":"(anonymous_0)","decl":{"start":{"line":10,"column":27},"end":{"line":10,"column":28}},"loc":{"start":{"line":10,"column":33},"end":{"line":20,"column":1}},"line":10}},"branchMap":{},"s":{"0":0,"1":0,"2":0},"f":{"0":0},"b":{}}
}
